<?xml version="1.0" encoding="utf-8"?><testsuites name="pytest tests"><testsuite name="pytest" errors="0" failures="0" skipped="0" tests="5" time="5.222" timestamp="2026-04-23T10:14:06.837955+00:00" hostname="agent-env-3e02d3b5-bd17-4529-9a9e-ad9878eb18c9"><testcase classname="backend.tests.test_appointments.TestHealth" name="test_api_root" time="1.178" /><testcase classname="backend.tests.test_appointments.TestAppointments" name="test_create_appointment" time="0.929" /><testcase classname="backend.tests.test_appointments.TestAppointments" name="test_get_appointments" time="0.723" /><testcase classname="backend.tests.test_appointments.TestAppointments" name="test_create_appointment_missing_required" time="0.782" /><testcase classname="backend.tests.test_appointments.TestAppointments" name="test_appointment_persisted" time="1.487" /></testsuite></testsuites>